<?xml version="1.0" encoding="UTF-8"?>
<testsuite name="hello.jdbc.repository.MemberRepositoryV0Test" tests="1" skipped="0" failures="0" errors="0" timestamp="2023-03-08T14:05:57" hostname="레노버_노트북" time="0.376">
  <properties/>
  <testcase name="crud()" classname="hello.jdbc.repository.MemberRepositoryV0Test" time="0.376"/>
  <system-out><![CDATA[23:05:57.243 [Test worker] INFO hello.jdbc.connection.DBConnectionUtil - get connection=conn0: url=jdbc:h2:tcp://localhost/~/test user=SA, class=class org.h2.jdbc.JdbcConnection
23:05:57.271 [Test worker] INFO hello.jdbc.connection.DBConnectionUtil - get connection=conn1: url=jdbc:h2:tcp://localhost/~/test user=SA, class=class org.h2.jdbc.JdbcConnection
23:05:57.281 [Test worker] INFO hello.jdbc.repository.MemberRepositoryV0Test - findMember=Member(memberId=memberV0, money=10000)
]]></system-out>
  <system-err><![CDATA[]]></system-err>
</testsuite>
